[2025-12-09 16:34:12,421] 1025 httpx -INFO - HTTP Request: GET https://dagshub.com/api/v1/user "HTTP/1.1 200 OK"
[2025-12-09 16:34:12,424] 107 dagshub -INFO - Accessing as ankityadavdm
[2025-12-09 16:34:13,702] 1025 httpx -INFO - HTTP Request: GET https://dagshub.com/api/v1/repos/ankityadavdm/ML-network-project "HTTP/1.1 200 OK"
[2025-12-09 16:34:14,991] 1025 httpx -INFO - HTTP Request: GET https://dagshub.com/api/v1/user "HTTP/1.1 200 OK"
[2025-12-09 16:34:14,992] 107 dagshub -INFO - Initialized MLflow to track repo "ankityadavdm/ML-network-project"
[2025-12-09 16:34:14,993] 107 dagshub -INFO - Repository ankityadavdm/ML-network-project initialized!
[2025-12-09 16:34:52,243] 41 root -INFO - Start data ingestion
[2025-12-09 16:34:58,884] 65 root -INFO - Performed train test split on the dataframe
[2025-12-09 16:34:58,884] 67 root -INFO - Exited split_data_as_train_test method of Data_Ingestion class
[2025-12-09 16:34:58,885] 75 root -INFO - Exporting train and test file path.
[2025-12-09 16:34:58,963] 84 root -INFO - Exported train and test file path.
[2025-12-09 16:34:58,963] 44 root -INFO - Data Ingestion completed and artifact: DataIngestionArtifact(trained_file_path='Artifacts\\12_09_2025_16_34_09\\data_ingestion\\ingested\\train.csv', test_file_path='Artifacts\\12_09_2025_16_34_09\\data_ingestion\\ingested\\test.csv')
[2025-12-09 16:34:58,968] 53 root -INFO - Initiate data validation
[2025-12-09 16:34:59,061] 31 root -INFO - Required number of columns:2
[2025-12-09 16:34:59,061] 32 root -INFO - Data frame has columns:31
[2025-12-09 16:34:59,061] 31 root -INFO - Required number of columns:2
[2025-12-09 16:34:59,061] 32 root -INFO - Data frame has columns:31
[2025-12-09 16:34:59,234] 54 root -INFO - Entered initiate_data_transformation method of DataTransformation class
[2025-12-09 16:34:59,234] 56 root -INFO - Starting data transformation
[2025-12-09 16:34:59,282] 39 root -INFO - Entered get_data_trnasformer_object method of Trnasformation class
[2025-12-09 16:34:59,282] 44 root -INFO - Initialise KNNImputer with {'missing_values': nan, 'n_neighbors': 3, 'weights': 'uniform'}
[2025-12-09 16:34:59,298] 43 root -INFO - Entered the save_object method of MainUtils class
[2025-12-09 16:34:59,300] 47 root -INFO - Exited the save_object method of MainUtils class
[2025-12-09 16:34:59,300] 43 root -INFO - Entered the save_object method of MainUtils class
[2025-12-09 16:34:59,304] 47 root -INFO - Exited the save_object method of MainUtils class
[2025-12-09 16:35:11,703] 43 root -INFO - Entered the save_object method of MainUtils class
[2025-12-09 16:35:11,725] 47 root -INFO - Exited the save_object method of MainUtils class
[2025-12-09 16:35:37,420] 43 root -INFO - Entered the save_object method of MainUtils class
[2025-12-09 16:35:37,421] 47 root -INFO - Exited the save_object method of MainUtils class
[2025-12-09 16:35:37,421] 43 root -INFO - Entered the save_object method of MainUtils class
[2025-12-09 16:35:37,439] 47 root -INFO - Exited the save_object method of MainUtils class
[2025-12-09 16:35:37,439] 146 root -INFO - Model trainer artifact: ModelTrainerArtifact(trained_model_file_path='Artifacts\\12_09_2025_16_34_09\\model_trainer\\trained_model\\model.pkl', train_metric_artifact=ClassificationMetricArtifact(f1_score=0.9905369161479682, precision_score=0.9899858385595792, recall_score=0.9910886075949367), test_metric_artifact=ClassificationMetricArtifact(f1_score=0.9895341678637389, precision_score=0.9905505341002465, recall_score=0.988519885198852))
