[2025-12-09 16:29:06,381] 1025 httpx -INFO - HTTP Request: GET https://dagshub.com/api/v1/user "HTTP/1.1 200 OK"
[2025-12-09 16:29:06,393] 107 dagshub -INFO - Accessing as ankityadavdm
[2025-12-09 16:29:07,892] 1025 httpx -INFO - HTTP Request: GET https://dagshub.com/api/v1/repos/ankityadavdm/ML-network-project "HTTP/1.1 200 OK"
[2025-12-09 16:29:09,120] 1025 httpx -INFO - HTTP Request: GET https://dagshub.com/api/v1/user "HTTP/1.1 200 OK"
[2025-12-09 16:29:09,123] 107 dagshub -INFO - Initialized MLflow to track repo "ankityadavdm/ML-network-project"
[2025-12-09 16:29:09,124] 107 dagshub -INFO - Repository ankityadavdm/ML-network-project initialized!
[2025-12-09 16:30:21,488] 41 root -INFO - Start data ingestion
[2025-12-09 16:30:30,829] 65 root -INFO - Performed train test split on the dataframe
[2025-12-09 16:30:30,830] 67 root -INFO - Exited split_data_as_train_test method of Data_Ingestion class
[2025-12-09 16:30:30,831] 75 root -INFO - Exporting train and test file path.
[2025-12-09 16:30:31,206] 84 root -INFO - Exported train and test file path.
[2025-12-09 16:30:31,208] 44 root -INFO - Data Ingestion completed and artifact: DataIngestionArtifact(trained_file_path='Artifacts\\12_09_2025_16_28_54\\data_ingestion\\ingested\\train.csv', test_file_path='Artifacts\\12_09_2025_16_28_54\\data_ingestion\\ingested\\test.csv')
[2025-12-09 16:30:31,247] 53 root -INFO - Initiate data validation
[2025-12-09 16:30:31,445] 31 root -INFO - Required number of columns:2
[2025-12-09 16:30:31,445] 32 root -INFO - Data frame has columns:31
[2025-12-09 16:30:31,445] 31 root -INFO - Required number of columns:2
[2025-12-09 16:30:31,446] 32 root -INFO - Data frame has columns:31
[2025-12-09 16:30:32,085] 54 root -INFO - Entered initiate_data_transformation method of DataTransformation class
[2025-12-09 16:30:32,085] 56 root -INFO - Starting data transformation
[2025-12-09 16:30:32,181] 39 root -INFO - Entered get_data_trnasformer_object method of Trnasformation class
[2025-12-09 16:30:32,181] 44 root -INFO - Initialise KNNImputer with {'missing_values': nan, 'n_neighbors': 3, 'weights': 'uniform'}
[2025-12-09 16:30:32,223] 43 root -INFO - Entered the save_object method of MainUtils class
[2025-12-09 16:30:32,233] 47 root -INFO - Exited the save_object method of MainUtils class
[2025-12-09 16:30:32,233] 43 root -INFO - Entered the save_object method of MainUtils class
[2025-12-09 16:30:32,242] 47 root -INFO - Exited the save_object method of MainUtils class
[2025-12-09 16:30:59,096] 43 root -INFO - Entered the save_object method of MainUtils class
[2025-12-09 16:30:59,150] 47 root -INFO - Exited the save_object method of MainUtils class
[2025-12-09 16:31:56,470] 43 root -INFO - Entered the save_object method of MainUtils class
[2025-12-09 16:31:56,471] 47 root -INFO - Exited the save_object method of MainUtils class
[2025-12-09 16:31:56,471] 43 root -INFO - Entered the save_object method of MainUtils class
[2025-12-09 16:31:56,512] 47 root -INFO - Exited the save_object method of MainUtils class
[2025-12-09 16:31:56,512] 146 root -INFO - Model trainer artifact: ModelTrainerArtifact(trained_model_file_path='Artifacts\\12_09_2025_16_28_54\\model_trainer\\trained_model\\model.pkl', train_metric_artifact=ClassificationMetricArtifact(f1_score=0.9911023978283818, precision_score=0.9892624184646261, recall_score=0.9929492344883158), test_metric_artifact=ClassificationMetricArtifact(f1_score=0.9872731066138118, precision_score=0.9829663481512256, recall_score=0.991617770326907))
